[03:45:12] daemon iniciado: hours=80.0 parallel=12 dry=False pid=482075
[03:45:12] logs por worker en: /datos/repos/EstructurasPreontologicas/Bitacora/2026-05-04-continuous-run/workers
[03:45:12] deadline en 80.00h (2026-05-08T06:45:12.834217)
[03:45:12] [AU-3-baselines-superan-modelo] spawned (1/12)
[03:45:12] [F02-01-woodward-pendiente-ocr] spawned (2/12)
[03:45:13] [F03-04-traduccion-b-l3-sin-criterio] spawned (3/12)
[03:45:13] [F03-05-asimetria-existencial-trivial] spawned (4/12)
[03:45:13] [F03-08-do-test-confundido-con-ablacion] spawned (5/12)
[03:45:13] [F05-01-memoria-sin-tulving] spawned (6/12)
[03:45:13] [F05-04-instituciones-sin-north-ostrom] spawned (7/12)
[03:45:13] [F05-07-r2-098-sin-roberts-pashler] spawned (8/12)
[03:45:13] [F05-09-edi-negativo-cuenta-como-demostrativo] spawned (9/12)
[03:45:13] [F04-02-tesis-6-de-6-criterios-internos] spawned (10/12)
[03:45:13] [F04-04-kim-modus-tollens-vacuo] spawned (11/12)
[03:45:13] [TENG-01-permutacion-iid-temporales] spawned (12/12)
[03:46:23] [F05-01-memoria-sin-tulving] OK — needs_biblio+needs_human; sin PDFs en 07-bibliografia
[03:46:23] [TENG-12-hash-no-detecta-inconsistencia-interna] spawned (12/12)
[03:47:03] [F05-09-edi-negativo-cuenta-como-demostrativo] OK — needs_human (taxonomía requiere firma Jacob)
[03:47:03] [AU-1-caso26-starlink] spawned (12/12)
[03:47:28] [F03-04-traduccion-b-l3-sin-criterio] OK — objeción válida; 4 ediciones DRAFT-AI; needs_human Jacob
[03:47:28] [F02-03-strawson-1959-individuation] spawned (12/12)
[03:47:33] [F05-04-instituciones-sin-north-ostrom] OK — edits con North verbatim; Ostrom/Williamson needs_biblio; ne
[03:47:33] [F02-04-maturana-haken-tension] spawned (12/12)
[03:47:38] [F03-05-asimetria-existencial-trivial] OK — needs_human: edición propuesta espera firma Jacob
[03:47:39] [F02-05-brandom-pagina-incorrecta] spawned (12/12)
[03:47:49] [F04-02-tesis-6-de-6-criterios-internos] OK — needs_human Jacob; propuesta criterios externos G/H/I con ≥1
[03:47:49] [F04-07-iit-tononi-omitida-de-rivales] spawned (12/12)
[03:47:54] [F05-07-r2-098-sin-roberts-pashler] OK — reporte+borrador; needs_human firma Jacob + fetch PDF Robert
[03:47:54] [F05-08-criterios-admision-post-hoc] spawned (12/12)
[03:48:09] [F03-08-do-test-confundido-con-ablacion] OK — needs_human, propuesta §4.3/§12.1/T3.6.2
[03:48:09] [F02-08-searle-1964-sin-hare] spawned (12/12)
[03:48:14] [TENG-12-hash-no-detecta-inconsistencia-interna] OK — claim verified, fix needs_human
[03:48:14] [F03-01-kappa-bicondicional-criterio-d-inverificable] spawned (12/12)
[03:48:19] [AU-1-caso26-starlink] OK — val_steps=1 confirmado, cuarentena needs_human
[03:48:19] [AU-7-caso30-holm-bonferroni] spawned (12/12)
[03:48:44] [F02-05-brandom-pagina-incorrecta] OK — needs_human: 3 opciones, PDF Brandom ausente
[03:48:44] [F02-07-kappa-sin-mdl-solomonoff] spawned (12/12)
[03:48:54] [AU-3-baselines-superan-modelo] OK — 2/4 overall_pass dominados por ARIMA/VAR; needs_human
[03:48:54] [AU-2-caso27-bootstrap-cruza-cero] spawned (12/12)
[03:49:04] [F02-08-searle-1964-sin-hare] OK — needs_human + needs_biblio Hare1964/Korsgaard1996
[03:49:05] [F03-02-fidelidad-circular-duhem-quine] spawned (12/12)
[03:49:15] [F02-01-woodward-pendiente-ocr] OK — needs_human: OCR no disponible; 2 rutas propuestas
[03:49:15] [F02-03-strawson-1959-individuation] OK — needs_human + fetch-biblio (Strawson/Lowe ausentes)
[03:49:15] [F02-02-craver-mediado-via-criticos] spawned (11/12)
[03:49:15] [F03-10-caso30-sintetico-circularidad-parcial] spawned (12/12)
[03:49:30] [F02-04-maturana-haken-tension] OK — draft + needs_human Jacob + fetch Thompson 2007
[03:49:30] [F03-01-kappa-bicondicional-criterio-d-inverificable] OK — needs_human, draft listo
[03:49:30] [F02-06-gibson-warren-elision] spawned (11/12)
[03:49:30] [F03-07-ladyman-ross-falsa-convergencia] spawned (12/12)
[03:49:40] [F04-07-iit-tononi-omitida-de-rivales] OK — needs_human: 3 opciones con costo, IIT ausente confirmada
[03:49:40] [F03-09-dimensionalidad-sin-protocolo] spawned (12/12)
[03:50:10] [F05-08-criterios-admision-post-hoc] OK — ad hoc rescue confirmado; needs_human firma Jacob
[03:50:10] [F05-02-yo-sin-damasio-ledoux] spawned (12/12)
[03:50:15] [F03-02-fidelidad-circular-duhem-quine] OK — objeción válida; edición propuesta needs_human
[03:50:15] [F03-03-dossier-tautologico-sin-rubrica] spawned (12/12)
[03:50:20] [AU-2-caso27-bootstrap-cruza-cero] OK — needs_human: CI cruza cero, decisión 4→3 strong requiere Jac
[03:50:20] [AU-5-auc-roc-circular] spawned (12/12)
[03:50:40] [AU-7-caso30-holm-bonferroni] OK — Holm m=30 confirma p=0.044 no sobrevive; needs_human H-J
[03:50:40] [F05-05-sondas-eco-sin-may-levin] spawned (12/12)
[03:50:45] [F02-02-craver-mediado-via-criticos] OK — needs_human: PDFs ausentes + §2.4.5 requiere firma Jacob
[03:50:45] [F03-10-caso30-sintetico-circularidad-parcial] OK — needs_human B-T sonda alt
[03:50:45] [F02-06-gibson-warren-elision] OK — needs_human: faltan PDFs Turvey/Kugler
[03:50:46] [F02-12-st-t13-trivializacion] spawned (10/12)
[03:50:46] [F05-06-self-org-tecnico-sin-mitchell] spawned (11/12)
[03:50:46] [F04-01-tabla-rivales-dualismo-paja] spawned (12/12)
[03:51:01] [F03-09-dimensionalidad-sin-protocolo] OK — needs_human; borrador triple-estimador
[03:51:01] [F04-03-dennett-real-patterns-mal-leido] spawned (12/12)
[03:51:06] [F03-07-ladyman-ross-falsa-convergencia] OK — needs_human: reescritura §12.2 y §10.5 lista para firma Jaco
[03:51:06] [F03-11-replicabilidad-no-testada] spawned (12/12)
[03:51:21] [F05-02-yo-sin-damasio-ledoux] OK — needs_human; fuentes ausentes en biblio local; 2 rutas
[03:51:21] [F05-03-block-access-vs-phenomenal] spawned (12/12)
[03:51:31] [F02-07-kappa-sin-mdl-solomonoff] OK — needs_human: paginación MDL + firma Jacob §3.4
[03:51:31] [TENG-03-gpu-batch-init-noise-compartido] spawned (12/12)
[03:51:41] [F04-04-kim-modus-tollens-vacuo] OK — needs_human: Jacob elige Woodward vs Mitchell; eliminar fras
[03:51:41] [TENG-01-permutacion-iid-temporales] OK — hallazgo confirmado, propuesta needs_human (B-T)
[03:51:41] [F03-03-dossier-tautologico-sin-rubrica] OK — rubrica esqueleto+caso ancla needs_human
[03:51:41] [F04-05-trampa1-corpus-sintetico] spawned (10/12)
[03:51:41] [TENG-05-caso19-edi-inconsistencia-interna] spawned (11/12)
[03:51:41] [TENG-10-baselines-target-distinto-aparato] spawned (12/12)
[03:51:46] [F05-05-sondas-eco-sin-may-levin] OK — needs_human; falta §4.7 + biblio May/Levin
[03:51:46] [F05-10-19-26-promovidos-sin-significancia] spawned (12/12)
[03:51:51] [F05-06-self-org-tecnico-sin-mitchell] OK — adversarial falso-positivo: 05-03 sin ocurrencias; 05-05/02 
[03:51:52] [F02-09-bunge-cesm-no-declarado] spawned (12/12)
[03:51:57] [F03-11-replicabilidad-no-testada] OK — needs_human: reescritura §1 + H-J* replicación externa
[03:51:57] [F02-10-realismo-estructural-doble-rotulo] spawned (12/12)
[03:52:02] [F02-12-st-t13-trivializacion] OK — needs_human; vacuidad ≠ neutralización; salida constitutiva 
[03:52:02] [F02-11-bateson-dretske-incompatibles] spawned (12/12)
[03:52:07] [AU-5-auc-roc-circular] OK — needs_human: circularidad + baseline paja confirmados
[03:52:07] [F04-01-tabla-rivales-dualismo-paja] OK — needs_human: falta Chalmers1996 PDF + firma Jacob
[03:52:07] [F06-03-4-strong-threshold-shopping] spawned (11/12)
[03:52:07] [F03-06-kelso-1995-condiciones-no-medidas] spawned (12/12)
[03:52:32] [TENG-03-gpu-batch-init-noise-compartido] OK — needs_human: paridad CPU↔GPU intencional, decisión H-J
[03:52:32] [F03-12-bunge-criterios-reemplazo-no-extension] spawned (12/12)
[03:52:47] [F05-03-block-access-vs-phenomenal] OK — needs_human: PDF Block 1995 ausente, firma Jacob
[03:52:47] [F05-12-sre-beyer-sin-pdf] spawned (12/12)
[03:52:52] [TENG-10-baselines-target-distinto-aparato] OK — claim verificada; needs_human Ruta 1/2
[03:52:52] [F04-06-wolfram-ruliad-asimetria-oculta] spawned (12/12)
[03:53:02] [F04-03-dennett-real-patterns-mal-leido] OK — borrador needs_human, p.39 verificada
[03:53:03] [F04-11-caso33-no-es-novel-fact-lakatos] spawned (12/12)
[03:53:08] [F03-06-kelso-1995-condiciones-no-medidas] OK — needs_human+needs_biblio; PDF Kelso ausente, edición DRAFT-A
[03:53:08] [F04-08-eliminativismo-respuesta-incompleta] spawned (12/12)
[03:53:13] [F04-05-trampa1-corpus-sintetico] OK — reformulación propuesta, needs_human Jacob
[03:53:13] [F06-02-complementarismo-metodologico-neologismo] spawned (12/12)
[03:53:18] [F02-09-bunge-cesm-no-declarado] OK — needs_human; draft propuesto, paginación Bunge pendiente
[03:53:18] [F02-10-realismo-estructural-doble-rotulo] OK — doble rótulo confirmado; needs_human Jacob elige A/B/C
[03:53:18] [F02-13-quantum-compromiso-oculto] spawned (11/12)
[03:53:18] [TENG-07-topology-dim-5-hardcoded] spawned (12/12)
[03:53:23] [F02-11-bateson-dretske-incompatibles] OK — needs_human: degradación Bateson requiere firma Jacob
[03:53:28] [TENG-05-caso19-edi-inconsistencia-interna] OK — JSON mezclado real.value stale vs weighted/loe actual
[03:53:28] [F06-03-4-strong-threshold-shopping] OK — needs_human: 3 opciones edición, fondo defendible
[03:53:28] [AU-6-multisonda-1-de-7] spawned (10/12)
[03:53:28] [TENG-02-bootstrap-percentil-sesgo-pequenas] spawned (11/12)
[03:53:38] [F05-10-19-26-promovidos-sin-significancia] OK — needs_human: 19+26 fuera de Trend; bloque entero sin p<α
[03:53:38] [F05-11-caso30-doble-elevacion-improcedente] spawned (11/12)
[03:53:43] [F05-12-sre-beyer-sin-pdf] OK — needs_human: 2 salidas; recomendada reducir a ilustración in
[03:53:48] [F04-06-wolfram-ruliad-asimetria-oculta] OK — needs_human, borrador concesión modal listo
[03:53:49] [F04-10-compromiso-publico-vacio] spawned (10/12)
[03:54:09] [F06-02-complementarismo-metodologico-neologismo] OK — needs_human: Jacob elige opción 1 (Mitchell) o 2 (Chalmers)
[03:54:24] [F04-08-eliminativismo-respuesta-incompleta] OK — needs_human: 3 salidas con costos, corte de Jacob
[03:54:24] [F04-09-caso30-v1-v2-cinturon-protector] spawned (9/12)
[03:54:39] [F05-11-caso30-doble-elevacion-improcedente] OK — doble-conteo verificado L171+L224; needs_human edit propuest
[03:54:44] [F04-11-caso33-no-es-novel-fact-lakatos] OK — needs_human; §3(d) confunde robustez metodológica con novel 
[03:54:44] [F04-10-compromiso-publico-vacio] OK — needs_human: 3 opciones para firma Jacob
[03:54:55] [F02-13-quantum-compromiso-oculto] OK — needs_human: fetch Wallace 2012 + firma H-J Jacob
[03:54:55] [F02-14-numeracion-tablas-doble] spawned (6/12)
[03:55:00] [F03-12-bunge-criterios-reemplazo-no-extension] OK — mapeo confirma sustitución; cita p.32 needs_human
[03:55:10] [TENG-07-topology-dim-5-hardcoded] OK — claim parcial: defecto real, "~40%" no se reproduce; needs_h
[03:55:10] [AU-6-multisonda-1-de-7] OK — needs_human: edits + B-T1 + Cartwright1999 fetch
[03:55:10] [AU-9-edi-negativo-no-es-null] spawned (4/12)
[03:56:11] [TENG-02-bootstrap-percentil-sesgo-pequenas] OK — needs_human: 21/32 casos afectados
[03:56:11] [TENG-04-c2-cpu-vs-gpu-semillas-divergentes] spawned (4/12)
[03:56:16] [F04-09-caso30-v1-v2-cinturon-protector] OK — sin pre-registro v2; cinturón protector lakatosiano; needs_h
[03:56:52] [AU-9-edi-negativo-no-es-null] OK — 5 nulls genuinos + 1 fallo sonda + 2 rechazos C1-C5
[03:56:52] [F06-01-1500-fp-totem-7-veces] spawned (3/12)
[03:57:32] [TENG-04-c2-cpu-vs-gpu-semillas-divergentes] OK — needs_human: divergencia confirmada hybrid_validator.py:977 
[03:57:32] [TENG-08-c1-or-fallback-permite-edi-negativo] spawned (3/12)
[03:57:58] [F02-14-numeracion-tablas-doble] OK — bug regex fix + dedup; 6 labels monotónicos 2.1.1→2.1.6
[03:57:58] [F02-15-panpsiquismo-russelliano-caricaturizado] spawned (3/12)
[03:58:43] [F06-01-1500-fp-totem-7-veces] OK — 9 menciones; Wilson [0,0.00255]; needs_human Jacob
[03:58:43] [F06-04-cinco-escenarios-cuatro-iguales] spawned (3/12)
[03:58:43] [AU-4-significance-theater-21-22] spawned (4/12)
[03:58:59] [TENG-08-c1-or-fallback-permite-edi-negativo] OK — 8 fases c1=T con EDI<0; needs_human salida 1/2/3
[03:58:59] [TENG-06-np-random-seed-global-correlaciona-workers] spawned (4/12)
[03:59:24] [F02-15-panpsiquismo-russelliano-caricaturizado] OK — needs_human H-J6: edicion lista, falta firma Jacob + Goff PD
[04:00:05] [F06-04-cinco-escenarios-cuatro-iguales] OK — 3 indep + 1 prioridad histórica; needs_human
[04:00:10] [TENG-06-np-random-seed-global-correlaciona-workers] OK — needs_human: auditoría RNG + diff 01/16/05
[04:00:10] [TENG-09-bias-correction-no-estacionariedad] spawned (2/12)
[04:00:35] [AU-4-significance-theater-21-22] OK — CI21=[-0.077,+0.083] CI22=[-0.221,+0.550] cruzan 0; needs_hu
[04:00:35] [AU-8-1500-fp-totem] spawned (2/12)
[04:00:40] replenish: +11 tareas generadas desde verificadores
[04:00:41] [SI-4a610a57] spawned (3/12)
[04:00:41] [SI-947ba0e2] spawned (4/12)
[04:00:41] [SI-4a610a57] spawned (4/12)
[04:00:41] [SI-b1a18bd9] spawned (5/12)
[04:00:41] [SI-9b45f9ff] spawned (6/12)
[04:00:41] [AD-aa52bf8f] spawned (7/12)
[04:00:42] [AD-7b662148] spawned (8/12)
[04:00:42] [AD-4e0533a5] spawned (9/12)
[04:00:42] [AD-0409520d] spawned (10/12)
[04:00:43] [AD-d8fb8286] spawned (11/12)
[04:00:48] [SI-4a610a57] spawned (11/12)
[04:00:53] [SI-4a610a57] spawned (11/12)
[04:00:58] [SI-4a610a57] spawned (11/12)
[04:01:03] [SI-947ba0e2] FAIL — Falso positivo: '8/8 verdes' en línea 87 es cita meta de CLA
[04:01:03] [SI-4a610a57] spawned (10/12)
[04:01:04] [AD-929919f8] spawned (11/12)
[04:01:09] [SI-9b45f9ff] FAIL — flagged token es path real a bitácora histórica; renombrar r
[04:01:09] [SI-4a610a57] spawned (10/12)
[04:01:14] [AD-aa52bf8f] OK — Lee 1976 reformulada con verbo de engagement; mención secund
[04:01:14] [SI-4a610a57] spawned (9/12)
[04:01:19] [SI-4a610a57] spawned (9/12)
[04:01:24] [TENG-09-bias-correction-no-estacionariedad] OK — verificado, needs_human B-T*+H-J*
[04:01:25] [TENG-11-viscosidad-umbral-trivial] spawned (9/12)
[04:01:25] [SI-4a610a57] spawned (9/12)
[04:01:30] [AD-d8fb8286] OK — Consolidada mención Husserl 1913 en L235; remite a §7.3 (eng
[04:01:30] [SI-4a610a57] spawned (8/12)
[04:01:35] [SI-4a610a57] spawned (8/12)
[04:01:40] [SI-4a610a57] spawned (8/12)
[04:01:45] [AD-929919f8] OK — Quitada cita decorativa del heading §6.3; cuerpo ya es menci
[04:01:46] [SI-4a610a57] spawned (7/12)
[04:01:51] [SI-4a610a57] spawned (7/12)
[04:01:56] [SI-4a610a57] spawned (7/12)
[04:02:01] [SI-4a610a57] spawned (7/12)
[04:02:07] [SI-4a610a57] spawned (7/12)
[04:02:12] [SI-4a610a57] spawned (7/12)
[04:02:17] [SI-4a610a57] spawned (7/12)
[04:02:22] [SI-4a610a57] spawned (7/12)
[04:02:28] [SI-4a610a57] spawned (7/12)
[04:02:33] [SI-4a610a57] spawned (7/12)
[04:02:38] [TENG-11-viscosidad-umbral-trivial] OK — umbral trivial + c_visc fuera de overall_pass; needs_human
[04:02:38] [TENG-13-calibracion-objetivo-no-alineado-con-edi] spawned (7/12)
[04:02:38] [SI-4a610a57] spawned (7/12)
[04:02:43] [SI-4a610a57] spawned (7/12)
[04:02:49] [SI-4a610a57] spawned (7/12)
[04:02:54] [SI-4a610a57] spawned (7/12)
[04:02:59] [SI-4a610a57] spawned (7/12)
[04:03:04] [SI-4a610a57] spawned (7/12)
[04:03:10] [SI-4a610a57] spawned (7/12)
[04:03:15] [SI-4a610a57] spawned (7/12)
[04:03:20] [SI-4a610a57] spawned (7/12)
[04:03:25] [SI-4a610a57] spawned (7/12)
[04:03:31] [SI-4a610a57] spawned (7/12)
[04:03:36] [SI-4a610a57] spawned (7/12)
[04:03:41] [TENG-13-calibracion-objetivo-no-alineado-con-edi] OK — verificado L508-520; needs_human para corte
[04:03:41] [SI-4a610a57] spawned (6/12)
[04:03:46] [SI-4a610a57] spawned (6/12)
[04:03:52] [SI-4a610a57] spawned (6/12)
[04:03:57] [SI-4a610a57] spawned (6/12)
[04:04:02] [SI-4a610a57] spawned (6/12)
[04:04:07] [SI-4a610a57] spawned (6/12)
[04:04:12] [SI-4a610a57] spawned (6/12)
[04:04:18] [SI-4a610a57] spawned (6/12)
[04:04:23] [SI-4a610a57] spawned (6/12)
[04:04:28] [SI-4a610a57] spawned (6/12)
[04:04:33] [SI-4a610a57] spawned (6/12)
[04:04:39] [SI-4a610a57] spawned (6/12)
[04:04:44] [SI-4a610a57] spawned (6/12)
[04:04:49] [SI-4a610a57] spawned (6/12)
[04:04:54] [SI-4a610a57] spawned (6/12)
[04:05:00] [SI-4a610a57] spawned (6/12)
[04:05:05] [SI-4a610a57] spawned (6/12)
[04:05:10] [SI-4a610a57] spawned (6/12)
[04:05:15] [SI-4a610a57] spawned (6/12)
[04:05:21] [SI-4a610a57] spawned (6/12)
[04:05:26] [SI-4a610a57] spawned (6/12)
[04:05:31] [SI-4a610a57] spawned (6/12)
[04:05:36] [SI-4a610a57] spawned (6/12)
[04:05:42] [SI-4a610a57] spawned (6/12)
[04:05:47] [SI-4a610a57] spawned (6/12)
[04:05:52] [SI-4a610a57] spawned (6/12)
[04:05:57] [SI-4a610a57] spawned (6/12)
[04:06:03] [SI-4a610a57] spawned (6/12)
[04:06:08] [SI-4a610a57] spawned (6/12)
[04:06:13] [SI-4a610a57] spawned (6/12)
[04:06:18] [SI-4a610a57] spawned (6/12)
[04:06:24] [SI-4a610a57] spawned (6/12)
[04:06:29] [SI-4a610a57] spawned (6/12)
[04:06:34] [SI-4a610a57] spawned (6/12)
[04:06:39] [SI-4a610a57] spawned (6/12)
[04:06:44] [AD-7b662148] OK — Engagement Warren 2006 ya presente con citas verbatim pp. 35
[04:06:45] [SI-4a610a57] spawned (5/12)
[04:06:50] [SI-4a610a57] spawned (5/12)
[04:06:55] [SI-4a610a57] spawned (5/12)
[04:07:00] [SI-4a610a57] spawned (5/12)
[04:07:06] [SI-4a610a57] spawned (5/12)
[04:07:11] [SI-4a610a57] spawned (5/12)
[04:07:16] [SI-4a610a57] spawned (5/12)
